<?xml version="1.0" encoding="UTF-8"?>
<!-- Generated by org.testng.reporters.JUnitReportReporter -->
<testsuite hostname="DESKTOP-PDJQGH7" failures="0" tests="1" name="framework24_Testrun.framework24_Testrun" time="22.486" errors="0" timestamp="2024-02-25T20:37:47 EST" skipped="0">
  <testcase classname="framework24_Testrun.framework24_Testrun" name="feature" time="22.486"/>
  <system-out/>
</testsuite> <!-- framework24_Testrun.framework24_Testrun -->
